\BOOKMARK [0][-]{chapter*.2}{\376\377\000B\000I\000B\000L\000I\000O\000G\000R\000A\000F\000S\000K\000O\000-\000D\000O\000K\000U\000M\000E\000N\000T\000A\000C\000I\000J\000S\000K\000A\000\040\000S\000T\000R\000A\000N\000\040\000I\000N\000\040\000I\000Z\000V\000L\000E\000?\000E\000K}{}% 1
\BOOKMARK [0][-]{chapter*.3}{\376\377\000B\000I\000B\000L\000I\000O\000G\000R\000A\000P\000H\000I\000C\000-\000D\000O\000C\000U\000M\000E\000N\000T\000A\000L\000I\000S\000T\000I\000C\000\040\000I\000N\000F\000O\000R\000M\000A\000T\000I\000O\000N\000\040\000A\000N\000D\000\040\000A\000B\000S\000T\000R\000A\000C\000T}{}% 2
\BOOKMARK [0][-]{chapter*.4}{\376\377\000Z\000A\000H\000V\000A\000L\000A}{}% 3
\BOOKMARK [0][-]{Contents.0}{\376\377\000K\000A\000Z\000A\000L\000O\000\040\000V\000S\000E\000B\000I\000N\000E}{}% 4
\BOOKMARK [0][-]{chapter.1}{\376\377\000U\000v\000o\000d}{}% 5
\BOOKMARK [0][-]{chapter.2}{\376\377\000T\000e\000o\000r\000e\000t\000i\001\015\000n\000e\000\040\000o\000s\000n\000o\000v\000e}{}% 6
\BOOKMARK [1][-]{section.2.1}{\376\377\000P\000r\000i\000d\000o\000b\000i\000t\000e\000v\000\040\000p\000o\000d\000a\000t\000k\000o\000v}{chapter.2}% 7
\BOOKMARK [1][-]{section.2.2}{\376\377\000I\000z\000r\000a\001\015\000u\000n\000\040\000h\000i\000d\000r\000o\000l\000o\001\141\000k\000e\000g\000a\000\040\000n\000i\000z\000a\000\040\000p\000o\000d\000a\000t\000k\000o\000v}{chapter.2}% 8
\BOOKMARK [1][-]{section.2.3}{\376\377\000I\000z\000r\000a\001\015\000u\000n\000\040\000k\000o\000n\000s\000u\000m\000p\000c\000i\000j\000s\000k\000e\000\040\000k\000r\000i\000v\000u\000l\000j\000e}{chapter.2}% 9
\BOOKMARK [2][-]{subsection.2.3.1}{\376\377\000I\000z\000r\000a\001\015\000u\000n\000\040\000k\000o\000n\000s\000u\000m\000p\000c\000i\000j\000s\000k\000e\000\040\000k\000r\000i\000v\000u\000l\000j\000e\000\040\000z\000a\000\040\000p\000r\000a\000v\000o\000k\000o\000t\000n\000e\000\040\000i\000n\000\040\000t\000r\000a\000p\000e\000z\000n\000e\000\040\000s\000t\000r\000u\000g\000e}{section.2.3}% 10
\BOOKMARK [1][-]{section.2.4}{\376\377\000I\000z\000r\000a\001\015\000u\000n\000\040\000k\000o\000n\000s\000u\000m\000p\000c\000i\000j\000s\000k\000e\000\040\000k\000r\000i\000v\000u\000l\000j\000e\000\040\000z\000a\000\040\000s\000t\000r\000u\000g\000e\000\040\000p\000o\000l\000j\000u\000b\000n\000e\000\040\000o\000b\000l\000i\000k\000e}{chapter.2}% 11
\BOOKMARK [2][-]{subsection.2.4.1}{\376\377\000I\000z\000r\000a\001\015\000u\000n\000\040\000v\000i\001\141\000i\000n\000e\000\040\000r\000e\001\015\000n\000e\000g\000a\000\040\000k\000o\000r\000i\000t\000a}{section.2.4}% 12
\BOOKMARK [2][-]{subsection.2.4.2}{\376\377\000D\000o\000l\000o\001\015\000i\000t\000e\000v\000\040\000p\000a\000r\000a\000m\000e\000t\000r\000o\000v\000\040\000o\000d\000s\000e\000k\000a}{section.2.4}% 13
\BOOKMARK [2][-]{subsection.2.4.3}{\376\377\000I\000z\000r\000i\000s\000\040\000k\000o\000n\000s\000u\000m\000p\000c\000i\000j\000s\000k\000e\000\040\000k\000r\000i\000v\000u\000l\000j\000e}{section.2.4}% 14
\BOOKMARK [1][-]{section.2.5}{\376\377\000I\000z\000r\000a\001\015\000u\000n\000\040\000p\000r\000o\000i\000z\000v\000o\000d\000n\000j\000e\000\040\000e\000l\000e\000k\000t\000r\000i\001\015\000n\000e\000\040\000e\000n\000e\000r\000g\000i\000j\000e}{chapter.2}% 15
\BOOKMARK [0][-]{chapter.3}{\376\377\000Z\000A\000K\000L\000J\000U\001\014\000E\000K}{}% 16
\BOOKMARK [0][-]{chapter*.10}{\376\377\000P\000O\000V\000Z\000E\000T\000E\000K}{}% 17
\BOOKMARK [0][-]{chapter*.11}{\376\377\000S\000U\000M\000M\000A\000R\000Y}{}% 18
\BOOKMARK [0][-]{section*.12}{\376\377\000V\000I\000R\000I}{}% 19
\BOOKMARK [0][-]{section*.13}{\376\377\000D\000O\000D\000A\000T\000K\000I}{}% 20
